<?xml version="1.0" encoding="UTF-8"?>
<testsuite name="WallServiceTest" tests="3" skipped="0" failures="0" errors="0" timestamp="2024-09-20T12:20:27" hostname="LAPTOP-4PSNIFJ9" time="0.06">
  <properties/>
  <testcase name="testUpdateSuccess()" classname="WallServiceTest" time="0.057"/>
  <testcase name="testAdd()" classname="WallServiceTest" time="0.001"/>
  <testcase name="testUpdateFail()" classname="WallServiceTest" time="0.001"/>
  <system-out><![CDATA[]]></system-out>
  <system-err><![CDATA[]]></system-err>
</testsuite>
