<?xml version="1.0" encoding="UTF-8"?>
<testsuite name="WallServiceTest" tests="3" skipped="0" failures="0" errors="0" timestamp="2024-09-16T15:54:37" hostname="LAPTOP-4PSNIFJ9" time="0.048">
  <properties/>
  <testcase name="testUpdateSuccess()" classname="WallServiceTest" time="0.045"/>
  <testcase name="testAdd()" classname="WallServiceTest" time="0.0"/>
  <testcase name="testUpdateFail()" classname="WallServiceTest" time="0.001"/>
  <system-out><![CDATA[]]></system-out>
  <system-err><![CDATA[]]></system-err>
</testsuite>
